
> my-v0-project@0.1.0 build
> next build

[baseline-browser-mapping] The data in this module is over two months old.  To ensure accurate Baseline data, please update: `npm i baseline-browser-mapping@latest -D`
 ⚠ Warning: Next.js inferred your workspace root, but it may not be correct.
 We detected multiple lockfiles and selected the directory of /Users/aslam/pnpm-lock.yaml as the root directory.
 To silence this warning, set `turbopack.root` in your Next.js config, or consider removing one of the lockfiles if it's not needed.
   See https://nextjs.org/docs/app/api-reference/config/next-config-js/turbopack#root-directory for more information.
 Detected additional lockfiles: 
   * /Users/aslam/tempy/mentiq/mentiq-dashboard-fe/pnpm-lock.yaml

   ▲ Next.js 16.0.7 (Turbopack)
   - Environments: .env.local

 ⚠ The "middleware" file convention is deprecated. Please use "proxy" instead. Learn more: https://nextjs.org/docs/messages/middleware-to-proxy
   Creating an optimized production build ...
[baseline-browser-mapping] The data in this module is over two months old.  To ensure accurate Baseline data, please update: `npm i baseline-browser-mapping@latest -D`
 ✓ Compiled successfully in 3.6s
   Running TypeScript ...
Failed to compile.

./mentiq-redesignfinal/client/src/App.tsx:1:25
Type error: Cannot find module '@/components/ui/sonner' or its corresponding type declarations.

[0m[31m[1m>[22m[39m[90m 1 |[39m [36mimport[39m { [33mToaster[39m } [36mfrom[39m [32m"@/components/ui/sonner"[39m[33m;[39m
 [90m   |[39m                         [31m[1m^[22m[39m
 [90m 2 |[39m [36mimport[39m { [33mTooltipProvider[39m } [36mfrom[39m [32m"@/components/ui/tooltip"[39m[33m;[39m
 [90m 3 |[39m [36mimport[39m [33mNotFound[39m [36mfrom[39m [32m"@/pages/NotFound"[39m[33m;[39m
 [90m 4 |[39m [36mimport[39m { [33mRoute[39m[33m,[39m [33mSwitch[39m } [36mfrom[39m [32m"wouter"[39m[33m;[39m[0m
Next.js build worker exited with code: 1 and signal: null
